<?xml version="1.0" encoding="UTF-8"?>
<!-- Generated by org.testng.reporters.JUnitReportReporter -->
<testsuite hostname="MacBookAir" failures="0" tests="1" name="com.saucedemo.tests.LoginTest" time="5.002" errors="0" timestamp="2025-10-26T09:21:26 CET" skipped="0">
  <testcase classname="com.saucedemo.tests.LoginTest" name="testSuccessfulLogin" time="5.002"/>
</testsuite> <!-- com.saucedemo.tests.LoginTest -->
